

HI-TECH Software PICC Macro Assembler V9.60PL3 build 3862 
                                                      Mon Oct 10 13:15:25 2011

HI-TECH Software Code Generator build 3862
     1                           	processor	16F684
     2                           	opt	pw 79
     3                           	psect	text0,local,class=CODE,delta=2
     4                           	psect	text1,local,class=CODE,delta=2
     5                           	psect	text2,local,class=CODE,delta=2
     6                           	psect	temp,global,ovrld,class=BANK0,space=1,de
      +                          lta=1
     7  0000                     
     8  0000                     
     9  0000                     
    10  0000                     
    11  0000                     
    12  0000                     
    13  0000                     
    14  0000                     
    15  0000                     
    16  0000                     
    17  0000                     
    18                           
    19                           	psect	text0
    20  04A9                     _Nordic_LinkPresent
    21                           ;	_temp assigned to ?a_Nordic_LinkPresent+0
    22  0000                     _Nordic_LinkPresent$temp	set	?a_Nordic_LinkPres
      +                          ent
    23                           ;nordicmanager.c: 18: BYTE Nordic_LinkPresent(v
      +                          oid)
    24  04A9  3083               	movlw	-125
    25  04AA  2327               	call	_Nordic_Read
    26  04AB  00B2               	movwf	?a_Nordic_LinkPresent
    27                           ;nordicmanager.c: 22: temp=temp&0x01;
    28  04AC  3001               	movlw	1
    29  04AD  05B2               	andwf	?a_Nordic_LinkPresent
    30                           ;nordicmanager.c: 24: return temp;
    31  04AE  0832               	movf	?a_Nordic_LinkPresent,w
    32                           ;nordicmanager.c: 25: }
    33  04AF  0008               	return	;uses W
    34                           
    35                           	psect	text1
    36  02EB                     __end_of_Nordic_LinkPresent
    37  02EB                     _Nordic_Wakeup
    38                           ;	_dataR assigned to ?a_Nordic_Wakeup+0
    39  0000                     _Nordic_Wakeup$dataR	set	?a_Nordic_Wakeup
    40                           ;	_raddress assigned to ?a_Nordic_Wakeup+1
    41  0000                     _Nordic_Wakeup$raddress	set	?a_Nordic_Wakeup+1
    42                           ;	_address assigned to ?a_Nordic_Wakeup+2
    43  0000                     _Nordic_Wakeup$address	set	?a_Nordic_Wakeup+2
    44                           ;	_data8 assigned to ?a_Nordic_Wakeup+3
    45  0000                     _Nordic_Wakeup$data8	set	?a_Nordic_Wakeup+3
    46                           ;	_pointer assigned to ?a_Nordic_Wakeup+4
    47  0000                     _Nordic_Wakeup$pointer	set	?a_Nordic_Wakeup+4
    48                           ;nordicmanager.c: 28: void Nordic_Wakeup(void)
    49  02EB  1283               	bcf	3,5
    50  02EC  1007               	bcf	7,0
    51                           ;nordicmanager.c: 39: (RC1=0);
    52  02ED  1087               	bcf	7,1
    53                           ;nordicmanager.c: 41: asm("nop"); asm("nop");as
      +                          m("nop");asm("nop");asm("nop");asm("nop");;
    54  02EE  0000               	nop	;#
    55  02EF  0000               	nop	;#
    56  02F0  0000               	nop	;#
    57  02F1  0000               	nop	;#
    58  02F2  0000               	nop	;#
    59  02F3  0000               	nop	;#
    60                           ;nordicmanager.c: 42: for(pointer =0; pointer<1
      +                          30; pointer++)
    61  02F4  01B6               	clrf	?a_Nordic_Wakeup+4
    62  02F5                     l3
    63                           ;nordicmanager.c: 43: {
    64  02F5  0064               	clrwdt	;#
    65                           ;#
    66                           ;nordicmanager.c: 49: address = pointer;
    67  02F6  0836               	movf	?a_Nordic_Wakeup+4,w
    68  02F7  00B4               	movwf	?a_Nordic_Wakeup+2
    69                           ;nordicmanager.c: 50: if(pointer == 128)
    70  02F8  0836               	movf	?a_Nordic_Wakeup+4,w
    71  02F9  3A80               	xorlw	-128
    72  02FA  1D03               	btfss	3,2
    73  02FB  2AFE               	goto	l6
    74                           ;nordicmanager.c: 51: address = 0x4A;
    75  02FC  304A               	movlw	74
    76  02FD  00B4               	movwf	?a_Nordic_Wakeup+2
    77  02FE                     l6
    78                           ;nordicmanager.c: 52: if(pointer == 129)
    79  02FE  0836               	movf	?a_Nordic_Wakeup+4,w
    80  02FF  3A81               	xorlw	-127
    81  0300  1D03               	btfss	3,2
    82  0301  2B04               	goto	l7
    83                           ;nordicmanager.c: 53: address = 0x5A;
    84  0302  305A               	movlw	90
    85  0303  00B4               	movwf	?a_Nordic_Wakeup+2
    86  0304                     l7
    87                           ;nordicmanager.c: 54: raddress = address ;
    88  0304  0834               	movf	?a_Nordic_Wakeup+2,w
    89  0305  00B3               	movwf	?a_Nordic_Wakeup+1
    90                           ;nordicmanager.c: 56: data8 = NordicRegData[poi
      +                          nter] ;
    91  0306  0836               	movf	?a_Nordic_Wakeup+4,w
    92  0307  00FE               	movwf	btemp
    93  0308  01FF               	clrf	btemp+1
    94  0309  087F               	movf	btemp+1,w
    95  030A  3E02               	addlw	high _NordicRegData
    96  030B  00C2               	movwf	code_ptr+1
    97  030C  087E               	movf	btemp,w
    98  030D  3E01               	addlw	low _NordicRegData
    99  030E  1803               	btfsc	3,0
   100  030F  0AC2               	incf	code_ptr+1
   101  0310  2048               	call	string_table
   102  0311  00B5               	movwf	?a_Nordic_Wakeup+3
   103                           ;nordicmanager.c: 57: dataR=data8;
   104  0312  00B2               	movwf	?a_Nordic_Wakeup
   105                           ;nordicmanager.c: 59: if(data8 != 0x00 )
   106  0313  08B5               	movf	?a_Nordic_Wakeup+3
   107  0314  1903               	btfsc	3,2
   108  0315  2B21               	goto	l8
   109                           ;nordicmanager.c: 60: {
   110  0316  0835               	movf	?a_Nordic_Wakeup+3,w
   111  0317  00B7               	movwf	?_SPI_Send
   112  0318  01B8               	clrf	?_SPI_Send+1
   113  0319  0834               	movf	?a_Nordic_Wakeup+2,w
   114  031A  23F9               	call	_SPI_Send
   115                           ;nordicmanager.c: 62: data8=Nordic_Read( raddre
      +                          ss );
   116  031B  0833               	movf	?a_Nordic_Wakeup+1,w
   117  031C  2327               	call	_Nordic_Read
   118  031D  00B5               	movwf	?a_Nordic_Wakeup+3
   119                           ;nordicmanager.c: 64: if(data8 != dataR)
   120  031E  0632               	xorwf	?a_Nordic_Wakeup,w
   121  031F  1D03               	btfss	3,2
   122                           ;nordicmanager.c: 65: {
   123  0320  03B6               	decf	?a_Nordic_Wakeup+4
   124  0321                     l8
   125  0321  0AB6               	incf	?a_Nordic_Wakeup+4
   126  0322  3082               	movlw	-126
   127  0323  0236               	subwf	?a_Nordic_Wakeup+4,w
   128  0324  1803               	btfsc	3,0
   129  0325  0008               	return
   130  0326  2AF5               	goto	l3
   131                           
   132                           	psect	text2
   133  04BE                     __end_of_Nordic_Wakeup
   134  0000                     
   135  0000                     
   136  0000                     
   137  0000                     
   138  0000                     
   139  0000                     
   140  0000                     
   141  0000                     
   142  0000                     
   143  0000                     
   144  0000                     
   145  0000                     
   146  0000                     
   147  0000                     
   148  0000                     
   149  0000                     
   150  0000                     
   151  0000                     
   152  0000                     
   153  0000                     
   154  0000                     
   155  0000                     
   156  0000                     
   157  0000                     
   158  0000                     
   159  0000                     
   160  0000                     
   161  0000                     
   162  0000                     
   163  0000                     
   164  0000                     
   165  0000                     
   166  0000                     
   167  0000                     
   168  0000                     
   169  0000                     
   170  0000                     
   171  0000                     
   172  0000                     
   173  0000                     
   174  0000                     
   175  0000                     
   176  0000                     
   177  0000                     
   178  0000                     
   179  0000                     
   180  0000                     
   181  0000                     
   182  0000                     
   183  0000                     
   184  0000                     
   185  0000                     
   186  0000                     
   187  0000                     
   188  0000                     
   189  0000                     
   190  0000                     
   191  0000                     
   192  0000                     
   193  0000                     
   194  0000                     
   195  0000                     
   196  0000                     
   197  0000                     
   198  0000                     
   199  0000                     
   200  0000                     
   201  0000                     
   202  0000                     
   203  0000                     
   204  0000                     
   205  0000                     
   206  0000                     
   207  0000                     
   208  0000                     
   209  0000                     
   210  0000                     
   211  0000                     
   212  0000                     
   213  0000                     
   214  0000                     
   215  0000                     
   216  0000                     
   217  0000                     
   218  0000                     
   219  0000                     
   220  0000                     
   221  0000                     
   222  0000                     
   223  0000                     
   224  0000                     
   225  0000                     
   226  0000                     
   227  0000                     
   228  0000                     
   229  0000                     
   230  0000                     
   231  0000                     
   232  0000                     
   233  0000                     
   234  0000                     
   235  0000                     
   236  0000                     
   237  0000                     
   238  0000                     
   239  0000                     
   240  0000                     
   241  0000                     
   242  0000                     
   243  0000                     
   244  0000                     
   245  0000                     
   246  0000                     
   247  0000                     
   248  0000                     
   249  0000                     
   250  0000                     
   251  0000                     
   252  0000                     
   253  0000                     
   254  0000                     
   255  0000                     
   256  0000                     
   257  0000                     
   258  0000                     
   259  0000                     
   260  0000                     
   261  0000                     
   262  0000                     
   263  0000                     
   264  0000                     
   265  0000                     
   266  0000                     
   267  0000                     
   268  0000                     
   269  0000                     
   270  0000                     
   271  0000                     
   272  0000                     
   273  0000                     
   274  0000                     
   275  0000                     
   276  0000                     
   277  0000                     
   278  0000                     
   279  0000                     
   280  0000                     
   281  0000                     
   282  0000                     
   283  0000                     
   284  0000                     
   285  0000                     
   286  0000                     
   287  0000                     
   288  0000                     
   289  0000                     
   290  0000                     
   291  0000                     
   292  0000                     
   293  0000                     
   294  0000                     
   295  0000                     
   296  0000                     
   297  0000                     
   298  0000                     
   299  0000                     
   300  0000                     
   301  0000                     
   302  0000                     
   303  0000                     
   304  0000                     
   305  0000                     
   306  0000                     
   307  0000                     
   308  0000                     
   309  0000                     
   310  0000                     
   311  0000                     
   312  0000                     
   313  0000                     
   314  0000                     
   315  0000                     
   316  0000                     
   317  0000                     
   318  0000                     
   319  0000                     
   320  0000                     
   321  0000                     
   322  0000                     
   323  0000                     
   324  0000                     
   325  0000                     
   326  0000                     
   327  0000                     
   328  0000                     
   329  0000                     
   330  0000                     
   331  0000                     
   332  0000                     
   333  0000                     
   334  0000                     
   335  0000                     
   336  0000                     
   337  0000                     
   338  0000                     
   339  0000                     
   340  0000                     
   341  0000                     
   342  0000                     
   343  0000                     
   344  0000                     
   345  0000                     
   346  0000                     
   347  0000                     
   348  0000                     
   349  0000                     
   350  0000                     
   351  0000                     
   352                           
   353                           	psect	temp
   354  007E                     btemp
                     btemp
   355  007E                     	ds	2


HI-TECH Software PICC Macro Assembler V9.60PL3 build 3862 
Symbol Table                                          Mon Oct 10 13:15:25 2011

                         l3 02F5                           l6 02FE  
                         l7 0304                           l8 0321  
      ?a_Nordic_LinkPresent 0032               _NordicRegData 0201  
                      btemp 007E               _Nordic_Wakeup 02EB  
__end_of_Nordic_LinkPresent 02EB             ?a_Nordic_Wakeup 0032  
     __end_of_Nordic_Wakeup 04BE                    _SPI_Send 03F9  
               _Nordic_Read 0327                     code_ptr 0041  
               string_table 0048          _Nordic_LinkPresent 04A9  
                     status 0003                   ?_SPI_Send 0037  
              used_code_ptr 0001                  used_btemp0 0001  
                used_btemp1 0001  
