

HI-TECH Software PICC Macro Assembler V9.60PL3 build 3862 
                                                      Mon Oct 10 13:15:25 2011

HI-TECH Software Code Generator build 3862
     1                           	processor	16F684
     2                           	opt	pw 79
     3                           	psect	text0,local,class=CODE,delta=2
     4                           	psect	text1,local,class=CODE,delta=2
     5                           	psect	text2,local,class=CODE,delta=2
     6                           	psect	text3,local,class=CODE,delta=2
     7  0000                     
     8  0000                     
     9  0000                     
    10  0000                     
    11  0000                     
    12  0000                     
    13  0000                     
    14  0000                     
    15  0000                     
    16  0000                     
    17  0000                     
    18                           
    19                           	psect	text0
    20  03B2                     _ClockEight
    21                           ;	_data assigned to ?a_ClockEight+0
    22  0000                     _ClockEight$data	set	?a_ClockEight
    23                           ;	_t assigned to ?a_ClockEight+1
    24  0000                     _ClockEight$t	set	?a_ClockEight+1
    25                           ;_data stored from w
    26  03B2  1283               	bcf	3,5
    27  03B3  00BA               	movwf	?a_ClockEight
    28                           ;Software_spi.c: 16: void ClockEight ( BYTE dat
      +                          a)
    29  03B4  01BB               	clrf	?a_ClockEight+1
    30  03B5                     l2
    31                           ;Software_spi.c: 20: {
    32  03B5  1FBA               	btfss	?a_ClockEight,7
    33  03B6  2BB9               	goto	l5
    34                           ;Software_spi.c: 22: (RC1=1);
    35  03B7  1487               	bsf	7,1
    36  03B8  2BBA               	goto	l6
    37  03B9                     l5
    38                           ;Software_spi.c: 23: else
    39  03B9  1087               	bcf	7,1
    40  03BA                     l6
    41                           ;Software_spi.c: 25: asm("nop"); asm("nop");asm
      +                          ("nop");asm("nop");asm("nop");asm("nop");;
    42  03BA  0000               	nop	;#
    43  03BB  0000               	nop	;#
    44  03BC  0000               	nop	;#
    45  03BD  0000               	nop	;#
    46  03BE  0000               	nop	;#
    47  03BF  0000               	nop	;#
    48                           ;Software_spi.c: 26: (RC0=1);
    49  03C0  1407               	bsf	7,0
    50                           ;Software_spi.c: 27: asm("nop"); asm("nop");asm
      +                          ("nop");asm("nop");asm("nop");asm("nop");;
    51  03C1  0000               	nop	;#
    52  03C2  0000               	nop	;#
    53  03C3  0000               	nop	;#
    54  03C4  0000               	nop	;#
    55  03C5  0000               	nop	;#
    56  03C6  0000               	nop	;#
    57                           ;Software_spi.c: 28: (RC0=0);
    58  03C7  1007               	bcf	7,0
    59                           ;Software_spi.c: 29: asm("nop"); asm("nop");asm
      +                          ("nop");asm("nop");asm("nop");asm("nop");;
    60  03C8  0000               	nop	;#
    61  03C9  0000               	nop	;#
    62  03CA  0000               	nop	;#
    63  03CB  0000               	nop	;#
    64  03CC  0000               	nop	;#
    65  03CD  0000               	nop	;#
    66                           ;Software_spi.c: 30: data = data<<1;
    67  03CE  1003               	bcf	3,0
    68  03CF  0DBA               	rlf	?a_ClockEight
    69  03D0  0ABB               	incf	?a_ClockEight+1
    70  03D1  3008               	movlw	8
    71  03D2  023B               	subwf	?a_ClockEight+1,w
    72  03D3  1803               	btfsc	3,0
    73  03D4  0008               	return
    74  03D5  2BB5               	goto	l2
    75                           
    76                           	psect	text1
    77  03F9                     __end_of_ClockEight
    78                           ;       param _data8 assigned to ?_SPI_Send+0
    79  0000                     _SPI_Send$data8	set	?_SPI_Send
    80                           ;       param _Target assigned to ?_SPI_Send+1
    81  0000                     _SPI_Send$Target	set	?_SPI_Send+1
    82  03F9                     _SPI_Send
    83                           ;	_address assigned to ?a_SPI_Send+0
    84  0000                     _SPI_Send$address	set	?a_SPI_Send
    85                           ;_address stored from w
    86  03F9  1283               	bcf	3,5
    87  03FA  00B9               	movwf	?a_SPI_Send
    88                           ;Software_spi.c: 35: void SPI_Send( BYTE addres
      +                          s, BYTE data8, BYTE Target)
    89  03FB  1007               	bcf	7,0
    90                           ;Software_spi.c: 39: delay_ms(1);
    91  03FC  3001               	movlw	1
    92  03FD  244F               	call	_delay_ms
    93                           ;Software_spi.c: 40: if ( Target )
    94  03FE  08B8               	movf	?_SPI_Send+1
    95  03FF  1903               	btfsc	3,2
    96  0400  2C03               	goto	l8
    97                           ;Software_spi.c: 41: {
    98  0401  1105               	bcf	5,2
    99                           ;Software_spi.c: 43: }
   100  0402  2C04               	goto	l9
   101  0403                     l8
   102                           ;Software_spi.c: 44: else
   103  0403  1187               	bcf	7,3
   104  0404                     l9
   105                           ;Software_spi.c: 47: }
   106  0404  3001               	movlw	1
   107  0405  244F               	call	_delay_ms
   108                           ;Software_spi.c: 49: ClockEight(address);
   109  0406  0839               	movf	?a_SPI_Send,w
   110  0407  23B2               	call	_ClockEight
   111                           ;Software_spi.c: 51: delay_ms(1);
   112  0408  3001               	movlw	1
   113  0409  244F               	call	_delay_ms
   114                           ;Software_spi.c: 52: ClockEight(data8);
   115  040A  0837               	movf	?_SPI_Send,w
   116  040B  23B2               	call	_ClockEight
   117                           ;Software_spi.c: 55: delay_ms(1);
   118  040C  3001               	movlw	1
   119  040D  244F               	call	_delay_ms
   120                           ;Software_spi.c: 56: if ( Target )
   121  040E  08B8               	movf	?_SPI_Send+1
   122  040F  1903               	btfsc	3,2
   123  0410  2C13               	goto	l10
   124                           ;Software_spi.c: 57: {
   125  0411  1505               	bsf	5,2
   126                           ;Software_spi.c: 59: }
   127  0412  2C14               	goto	l11
   128  0413                     l10
   129                           ;Software_spi.c: 60: else
   130  0413  1587               	bsf	7,3
   131  0414                     l11
   132                           ;Software_spi.c: 63: }
   133  0414  3001               	movlw	1
   134  0415  244F               	call	_delay_ms
   135                           ;Software_spi.c: 66: }
   136  0416  0008               	return	;W free
   137                           
   138                           	psect	text2
   139  0327                     __end_of_SPI_Send
   140  0327                     _Nordic_Read
   141                           ;	_raddress2 assigned to ?a_Nordic_Read+0
   142  0000                     _Nordic_Read$raddress2	set	?a_Nordic_Read
   143                           ;	_t assigned to ?a_Nordic_Read+1
   144  0000                     _Nordic_Read$t	set	?a_Nordic_Read+1
   145                           ;	_data8 assigned to ?a_Nordic_Read+2
   146  0000                     _Nordic_Read$data8	set	?a_Nordic_Read+2
   147                           ;_raddress2 stored from w
   148  0327  1283               	bcf	3,5
   149  0328  00B7               	movwf	?a_Nordic_Read
   150                           ;Software_spi.c: 67: BYTE Nordic_Read( BYTE rad
      +                          dress2)
   151  0329  1007               	bcf	7,0
   152                           ;Software_spi.c: 71: asm("nop"); asm("nop");asm
      +                          ("nop");asm("nop");asm("nop");asm("nop");;
   153  032A  0000               	nop	;#
   154  032B  0000               	nop	;#
   155  032C  0000               	nop	;#
   156  032D  0000               	nop	;#
   157  032E  0000               	nop	;#
   158  032F  0000               	nop	;#
   159                           ;Software_spi.c: 72: raddress2 = raddress2 | 0x
      +                          80;
   160  0330  17B7               	bsf	?a_Nordic_Read,7
   161                           ;Software_spi.c: 73: delay_ms(1);
   162  0331  3001               	movlw	1
   163  0332  244F               	call	_delay_ms
   164                           ;Software_spi.c: 74: (RC3=0);
   165  0333  1187               	bcf	7,3
   166                           ;Software_spi.c: 75: delay_ms(1);
   167  0334  3001               	movlw	1
   168  0335  244F               	call	_delay_ms
   169                           ;Software_spi.c: 76: ClockEight(raddress2);
   170  0336  0837               	movf	?a_Nordic_Read,w
   171  0337  23B2               	call	_ClockEight
   172                           ;Software_spi.c: 78: delay_ms(1);
   173  0338  3001               	movlw	1
   174  0339  244F               	call	_delay_ms
   175                           ;Software_spi.c: 79: data8 = 0;
   176  033A  01B9               	clrf	?a_Nordic_Read+2
   177                           ;Software_spi.c: 80: for(t=0;t<8;t++)
   178  033B  01B8               	clrf	?a_Nordic_Read+1
   179                           ;Software_spi.c: 81: {
   180  033C  1003               	bcf	3,0
   181  033D                     L1
   182  033D  0DB9               	rlf	?a_Nordic_Read+2
   183                           ;Software_spi.c: 83: asm("nop"); asm("nop");asm
      +                          ("nop");asm("nop");asm("nop");asm("nop");;
   184  033E  0000               	nop	;#
   185  033F  0000               	nop	;#
   186  0340  0000               	nop	;#
   187  0341  0000               	nop	;#
   188  0342  0000               	nop	;#
   189  0343  0000               	nop	;#
   190                           ;Software_spi.c: 84: (RC0=1);
   191  0344  1407               	bsf	7,0
   192                           ;Software_spi.c: 85: asm("nop"); asm("nop");asm
      +                          ("nop");asm("nop");asm("nop");asm("nop");;
   193  0345  0000               	nop	;#
   194  0346  0000               	nop	;#
   195  0347  0000               	nop	;#
   196  0348  0000               	nop	;#
   197  0349  0000               	nop	;#
   198  034A  0000               	nop	;#
   199                           ;Software_spi.c: 86: if(( RC2==1 ))
   200  034B  1907               	btfsc	7,2
   201                           ;Software_spi.c: 87: data8=data8+1;
   202  034C  0AB9               	incf	?a_Nordic_Read+2
   203                           ;Software_spi.c: 88: (RC0=0);
   204  034D  1007               	bcf	7,0
   205  034E  0AB8               	incf	?a_Nordic_Read+1
   206  034F  3008               	movlw	8
   207  0350  0238               	subwf	?a_Nordic_Read+1,w
   208  0351  1C03               	btfss	3,0
   209  0352  2B3D               	goto	L1
   210                           ;Software_spi.c: 89: }
   211  0353  3001               	movlw	1
   212  0354  244F               	call	_delay_ms
   213                           ;Software_spi.c: 91: (RC3=1);
   214  0355  1587               	bsf	7,3
   215                           ;Software_spi.c: 92: delay_ms(1);
   216  0356  3001               	movlw	1
   217  0357  244F               	call	_delay_ms
   218                           ;Software_spi.c: 94: return(data8);
   219  0358  0839               	movf	?a_Nordic_Read+2,w
   220                           ;Software_spi.c: 95: }
   221  0359  0008               	return	;uses W
   222                           
   223                           	psect	text3
   224  04BE                     __end_of_Nordic_Read
   225  0000                     
   226  0000                     
   227  0000                     
   228  0000                     
   229  0000                     
   230  0000                     
   231  0000                     
   232  0000                     
   233  0000                     
   234  0000                     
   235  0000                     
   236  0000                     
   237  0000                     
   238  0000                     
   239  0000                     
   240  0000                     
   241  0000                     
   242  0000                     
   243  0000                     
   244  0000                     
   245  0000                     
   246  0000                     
   247  0000                     
   248  0000                     
   249  0000                     
   250  0000                     
   251  0000                     
   252  0000                     
   253  0000                     
   254  0000                     
   255  0000                     
   256  0000                     
   257  0000                     
   258  0000                     
   259  0000                     
   260  0000                     
   261  0000                     
   262  0000                     
   263  0000                     
   264  0000                     
   265  0000                     
   266  0000                     
   267  0000                     
   268  0000                     
   269  0000                     
   270  0000                     
   271  0000                     
   272  0000                     
   273  0000                     
   274  0000                     
   275  0000                     
   276  0000                     
   277  0000                     
   278  0000                     
   279  0000                     
   280  0000                     
   281  0000                     
   282  0000                     
   283  0000                     
   284  0000                     
   285  0000                     
   286  0000                     
   287  0000                     
   288  0000                     
   289  0000                     
   290  0000                     
   291  0000                     
   292  0000                     
   293  0000                     
   294  0000                     
   295  0000                     
   296  0000                     
   297  0000                     
   298  0000                     
   299  0000                     
   300  0000                     
   301  0000                     
   302  0000                     
   303  0000                     
   304  0000                     
   305  0000                     
   306  0000                     
   307  0000                     
   308  0000                     
   309  0000                     
   310  0000                     
   311  0000                     
   312  0000                     
   313  0000                     
   314  0000                     
   315  0000                     
   316  0000                     
   317  0000                     
   318  0000                     
   319  0000                     
   320  0000                     
   321  0000                     
   322  0000                     
   323  0000                     
   324  0000                     
   325  0000                     
   326  0000                     
   327  0000                     
   328  0000                     
   329  0000                     
   330  0000                     
   331  0000                     
   332  0000                     
   333  0000                     
   334  0000                     
   335  0000                     
   336  0000                     
   337  0000                     
   338  0000                     
   339  0000                     
   340  0000                     
   341  0000                     
   342  0000                     
   343  0000                     
   344  0000                     
   345  0000                     
   346  0000                     
   347  0000                     
   348  0000                     
   349  0000                     
   350  0000                     
   351  0000                     
   352  0000                     
   353  0000                     
   354  0000                     
   355  0000                     
   356  0000                     
   357  0000                     
   358  0000                     
   359  0000                     
   360  0000                     
   361  0000                     
   362  0000                     
   363  0000                     
   364  0000                     
   365  0000                     
   366  0000                     
   367  0000                     
   368  0000                     
   369  0000                     
   370  0000                     
   371  0000                     
   372  0000                     
   373  0000                     
   374  0000                     
   375  0000                     
   376  0000                     
   377  0000                     
   378  0000                     
   379  0000                     
   380  0000                     
   381  0000                     
   382  0000                     
   383  0000                     
   384  0000                     
   385  0000                     
   386  0000                     
   387  0000                     
   388  0000                     
   389  0000                     
   390  0000                     
   391  0000                     
   392  0000                     
   393  0000                     
   394  0000                     
   395  0000                     
   396  0000                     
   397  0000                     
   398  0000                     
   399  0000                     
   400  0000                     
   401  0000                     
   402  0000                     
   403  0000                     
   404  0000                     
   405  0000                     
   406  0000                     
   407  0000                     
   408  0000                     
   409  0000                     
   410  0000                     
   411  0000                     
   412  0000                     
   413  0000                     
   414  0000                     
   415  0000                     
   416  0000                     
   417  0000                     
   418  0000                     
   419  0000                     
   420  0000                     
   421  0000                     
   422  0000                     
   423  0000                     
   424  0000                     
   425  0000                     
   426  0000                     
   427  0000                     
   428  0000                     
   429  0000                     
   430  0000                     
   431  0000                     
   432  0000                     
   433  0000                     
   434  0000                     
   435  0000                     
   436  0000                     
   437  0000                     
   438  0000                     
   439  0000                     
   440  0000                     
   441  0000                     
   442  0000                     


HI-TECH Software PICC Macro Assembler V9.60PL3 build 3862 
Symbol Table                                          Mon Oct 10 13:15:25 2011

             _delay_ms 044F                      l2 03B5  
                    l5 03B9                      l6 03BA  
                    l8 0403                      l9 0404  
                   l10 0413                     l11 0414  
     __end_of_SPI_Send 0327           ?a_ClockEight 003A  
  __end_of_Nordic_Read 04BE               _SPI_Send 03F9  
          _Nordic_Read 0327             _ClockEight 03B2  
                status 0003              ?_SPI_Send 0037  
        ?a_Nordic_Read 0037             ?a_SPI_Send 0039  
   __end_of_ClockEight 03F9  
