

HI-TECH Software PICC Macro Assembler V9.60PL3 build 3862 
                                                      Mon Oct 10 13:15:26 2011

HI-TECH Software Code Generator build 3862
     1                           	processor	16F684
     2                           	opt	pw 79
     3                           	psect	strings,global,class=STRING,delta=2
     4                           	psect	const1,local,class=CONST,delta=2
     5                           	psect	const2,local,class=CONST,delta=2
     6  0000                     
     7  0000                     
     8  0000                     
     9  0000                     
    10  0000                     
    11  0000                     
    12  0000                     
    13  0000                     
    14  0000                     
    15  0000                     
    16  0000                     
    17                           
    18                           	psect	const1
    19  0195  0782               	addwf	2
    20  0196                     _PairingAddress
    21  0196  345D               	retlw	93
    22  0197  346C               	retlw	108
    23  0198  347B               	retlw	123
    24  0199  348A               	retlw	-118
    25  019A  3490               	retlw	-112
    26                           
    27                           	psect	const2
    28  0200  0782               	addwf	2
    29  0201                     _NordicRegData
    30  0201  3400               	retlw	0
    31  0202  3451               	retlw	81
    32  0203  3400               	retlw	0
    33  0204  3400               	retlw	0
    34  0205  3400               	retlw	0
    35  0206  3400               	retlw	0
    36  0207  3400               	retlw	0
    37  0208  3400               	retlw	0
    38  0209  3400               	retlw	0
    39  020A  3400               	retlw	0
    40  020B  3400               	retlw	0
    41  020C  3400               	retlw	0
    42  020D  341F               	retlw	31
    43  020E  343B               	retlw	59
    44  020F  3411               	retlw	17
    45  0210  3404               	retlw	4
    46  0211  342D               	retlw	45
    47  0212  3449               	retlw	73
    48  0213  3400               	retlw	0
    49  0214  3400               	retlw	0
    50  0215  3400               	retlw	0
    51  0216  3400               	retlw	0
    52  0217  3400               	retlw	0
    53  0218  3400               	retlw	0
    54  0219  3400               	retlw	0
    55  021A  3400               	retlw	0
    56  021B  3400               	retlw	0
    57  021C  3400               	retlw	0
    58  021D  3400               	retlw	0
    59  021E  3400               	retlw	0
    60  021F  3400               	retlw	0
    61  0220  3400               	retlw	0
    62  0221  3400               	retlw	0
    63  0222  3400               	retlw	0
    64  0223  3400               	retlw	0
    65  0224  3400               	retlw	0
    66  0225  3400               	retlw	0
    67  0226  3400               	retlw	0
    68  0227  3400               	retlw	0
    69  0228  3400               	retlw	0
    70  0229  3400               	retlw	0
    71  022A  3400               	retlw	0
    72  022B  3400               	retlw	0
    73  022C  3400               	retlw	0
    74  022D  3400               	retlw	0
    75  022E  3400               	retlw	0
    76  022F  3400               	retlw	0
    77  0230  3400               	retlw	0
    78  0231  3400               	retlw	0
    79  0232  3400               	retlw	0
    80  0233  3400               	retlw	0
    81  0234  3402               	retlw	2
    82  0235  3406               	retlw	6
    83  0236  3403               	retlw	3
    84  0237  3400               	retlw	0
    85  0238  3400               	retlw	0
    86  0239  3400               	retlw	0
    87  023A  34AB               	retlw	-85
    88  023B  3431               	retlw	49
    89  023C  343E               	retlw	62
    90  023D  343F               	retlw	63
    91  023E  343A               	retlw	58
    92  023F  3400               	retlw	0
    93  0240  3400               	retlw	0
    94  0241  3400               	retlw	0
    95  0242  3400               	retlw	0
    96  0243  3400               	retlw	0
    97  0244  3400               	retlw	0
    98  0245  3400               	retlw	0
    99  0246  3400               	retlw	0
   100  0247  3400               	retlw	0
   101  0248  3400               	retlw	0
   102  0249  3400               	retlw	0
   103  024A  3403               	retlw	3
   104  024B  3400               	retlw	0
   105  024C  3400               	retlw	0
   106  024D  3400               	retlw	0
   107  024E  3400               	retlw	0
   108  024F  3400               	retlw	0
   109  0250  3400               	retlw	0
   110  0251  3400               	retlw	0
   111  0252  3400               	retlw	0
   112  0253  3406               	retlw	6
   113  0254  3400               	retlw	0
   114  0255  3480               	retlw	-128
   115  0256  3400               	retlw	0
   116  0257  3403               	retlw	3
   117  0258  3400               	retlw	0
   118  0259  3400               	retlw	0
   119  025A  3400               	retlw	0
   120  025B  3400               	retlw	0
   121  025C  3400               	retlw	0
   122  025D  3400               	retlw	0
   123  025E  3400               	retlw	0
   124  025F  3400               	retlw	0
   125  0260  3400               	retlw	0
   126  0261  3400               	retlw	0
   127  0262  3400               	retlw	0
   128  0263  3400               	retlw	0
   129  0264  3400               	retlw	0
   130  0265  3400               	retlw	0
   131  0266  3400               	retlw	0
   132  0267  3400               	retlw	0
   133  0268  3400               	retlw	0
   134  0269  3400               	retlw	0
   135  026A  3400               	retlw	0
   136  026B  3400               	retlw	0
   137  026C  3400               	retlw	0
   138  026D  3400               	retlw	0
   139  026E  3400               	retlw	0
   140  026F  3400               	retlw	0
   141  0270  3400               	retlw	0
   142  0271  3400               	retlw	0
   143  0272  3400               	retlw	0
   144  0273  3400               	retlw	0
   145  0274  3400               	retlw	0
   146  0275  3400               	retlw	0
   147  0276  3400               	retlw	0
   148  0277  3400               	retlw	0
   149  0278  3400               	retlw	0
   150  0279  3400               	retlw	0
   151  027A  3400               	retlw	0
   152  027B  3400               	retlw	0
   153  027C  3400               	retlw	0
   154  027D  3400               	retlw	0
   155  027E  3400               	retlw	0
   156  027F  3400               	retlw	0
   157  0280  3400               	retlw	0
   158  0281  3420               	retlw	32
   159  0282  3483               	retlw	-125


HI-TECH Software PICC Macro Assembler V9.60PL3 build 3862 
Symbol Table                                          Mon Oct 10 13:15:26 2011

             pc 0002   _NordicRegData 0201  _PairingAddress 0196  
