

HI-TECH Software PICC Macro Assembler V9.60PL3 build 3862 
                                                      Mon Oct 10 13:15:26 2011

HI-TECH Software Code Generator build 3862
     1                           	processor	16F684
     2                           	opt	pw 79
     3                           	psect	text0,local,class=CODE,delta=2
     4                           	psect	text1,local,class=CODE,delta=2
     5                           	psect	text2,local,class=CODE,delta=2
     6                           	psect	text3,local,class=CODE,delta=2
     7                           	psect	text4,local,class=CODE,delta=2
     8                           	psect	rbss_0,global,class=BANK0,space=1,delta=
      +                          1
     9                           	psect	temp,global,ovrld,class=BANK0,space=1,de
      +                          lta=1
    10  0000                     
    11  0000                     
    12  0000                     
    13  0000                     
    14  0000                     
    15  0000                     
    16  0000                     
    17  0000                     
    18  0000                     
    19  0000                     
    20  0000                     
    21                           
    22                           	psect	text0
    23  047A                     _Timer_Constructor
    24                           ;timers.c: 37: void Timer_Constructor ( void )
    25  047A  1283               	bcf	3,5
    26  047B  01AE               	clrf	_Timer_SysTime
    27  047C  01AF               	clrf	_Timer_SysTime+1
    28                           ;timers.c: 43: TMR1L = 0;
    29  047D  018E               	clrf	14	;volatile
    30                           ;timers.c: 44: TMR1H = (((int)(-((((8000000.0)/
      +                          4.0)/500.0)-20))) >> 8) & 0xff;
    31  047E  30F0               	movlw	-16
    32  047F  008F               	movwf	15	;volatile
    33                           ;timers.c: 45: TMR1L = ((int)(-((((8000000.0)/4
      +                          .0)/500.0)-20))) & 0xff;
    34  0480  3074               	movlw	116
    35  0481  008E               	movwf	14	;volatile
    36                           ;timers.c: 46: T1CON = 0x01;
    37  0482  3001               	movlw	1
    38  0483  0090               	movwf	16	;volatile
    39                           ;timers.c: 47: TMR1IE = 1;
    40  0484  1683               	bsf	3,5
    41  0485  140C               	bsf	12,0
    42                           ;timers.c: 48: PEIE = 1;
    43  0486  170B               	bsf	11,6
    44                           ;timers.c: 49: TMR1IF = 0;
    45  0487  1283               	bcf	3,5
    46  0488  100C               	bcf	12,0
    47                           ;timers.c: 51: }
    48  0489  0008               	return	;W free
    49                           
    50                           	psect	text1
    51  03D6                     __end_of_Timer_Constructor
    52                           ;       param _length assigned to ?__Timer_Star
      +                          t+0
    53  0000                     __Timer_Start$length	set	?__Timer_Start
    54  03D6                     __Timer_Start
    55                           ;	_theTimer assigned to ?a__Timer_Start+0
    56  0000                     __Timer_Start$theTimer	set	?a__Timer_Start
    57                           ;_theTimer stored from w
    58  03D6  1283               	bcf	3,5
    59  03D7  00B4               	movwf	?a__Timer_Start
    60                           ;timers.c: 59: void _Timer_Start ( Timer_t *the
      +                          Timer, unsigned int length )
    61  03D8  1683               	bsf	3,5
    62  03D9  100C               	bcf	12,0
    63                           ;timers.c: 62: theTimer->started = Timer_SysTim
      +                          e;
    64  03DA  1283               	bcf	3,5
    65  03DB  0084               	movwf	4
    66  03DC  082E               	movf	_Timer_SysTime,w
    67  03DD  0080               	movwf	0
    68  03DE  0A84               	incf	4
    69  03DF  082F               	movf	_Timer_SysTime+1,w
    70  03E0  0080               	movwf	0
    71                           ;timers.c: 63: TMR1IE = 1;
    72  03E1  1683               	bsf	3,5
    73  03E2  140C               	bsf	12,0
    74                           ;timers.c: 65: length++;
    75  03E3  1283               	bcf	3,5
    76  03E4  0AB2               	incf	?__Timer_Start
    77  03E5  1903               	btfsc	3,2
    78  03E6  0AB3               	incf	?__Timer_Start+1
    79                           ;timers.c: 66: length /= 2;
    80  03E7  1003               	bcf	3,0
    81  03E8  0CB3               	rrf	?__Timer_Start+1
    82  03E9  0CB2               	rrf	?__Timer_Start
    83                           ;timers.c: 67: if ( 1==length )
    84  03EA  0332               	decf	?__Timer_Start,w
    85  03EB  0433               	iorwf	?__Timer_Start+1,w
    86  03EC  1903               	btfsc	3,2
    87                           ;timers.c: 68: {
    88  03ED  0AB2               	incf	?__Timer_Start
    89  03EE  1903               	btfsc	3,2
    90  03EF  0AB3               	incf	?__Timer_Start+1
    91                           ;timers.c: 70: }
    92  03F0  0834               	movf	?a__Timer_Start,w
    93  03F1  3E02               	addlw	2
    94  03F2  0084               	movwf	4
    95  03F3  0832               	movf	?__Timer_Start,w
    96  03F4  0080               	movwf	0
    97  03F5  0A84               	incf	4
    98  03F6  0833               	movf	?__Timer_Start+1,w
    99  03F7  0080               	movwf	0
   100                           ;timers.c: 72: }
   101  03F8  0008               	return	;W free
   102                           
   103                           	psect	text2
   104  035A                     __end_of__Timer_Start
   105  035A                     __Timer_IsExpired
   106                           ;	_theTimer assigned to ?a__Timer_IsExpired+0
   107  0000                     __Timer_IsExpired$theTimer	set	?a__Timer_IsExpi
      +                          red
   108                           ;	_length assigned to ?a__Timer_IsExpired+1
   109  0000                     __Timer_IsExpired$length	set	?a__Timer_IsExpire
      +                          d+1
   110                           ;_theTimer stored from w
   111  035A  1283               	bcf	3,5
   112  035B  00B2               	movwf	?a__Timer_IsExpired
   113                           ;timers.c: 81: unsigned char _Timer_IsExpired (
      +                           Timer_t *theTimer )
   114  035C  3E02               	addlw	2
   115  035D  0084               	movwf	4
   116  035E  0800               	movf	0,w
   117  035F  00B3               	movwf	?a__Timer_IsExpired+1
   118  0360  0A84               	incf	4
   119  0361  0800               	movf	0,w
   120  0362  00B4               	movwf	?a__Timer_IsExpired+2
   121                           ;timers.c: 85: if ( length != 0 )
   122  0363  0433               	iorwf	?a__Timer_IsExpired+1,w
   123  0364  1903               	btfsc	3,2
   124  0365  3400               	retlw	0
   125                           ;timers.c: 86: {
   126  0366  1683               	bsf	3,5
   127  0367  100C               	bcf	12,0
   128                           ;timers.c: 88: now = Timer_SysTime;
   129  0368  1283               	bcf	3,5
   130  0369  082E               	movf	_Timer_SysTime,w
   131  036A  00B0               	movwf	_now
   132  036B  082F               	movf	_Timer_SysTime+1,w
   133  036C  00B1               	movwf	_now+1
   134                           ;timers.c: 89: TMR1IE = 1;
   135  036D  1683               	bsf	3,5
   136  036E  140C               	bsf	12,0
   137                           ;timers.c: 91: now -= theTimer->started;
   138  036F  1283               	bcf	3,5
   139  0370  0832               	movf	?a__Timer_IsExpired,w
   140  0371  0084               	movwf	4
   141  0372  0800               	movf	0,w
   142  0373  00FE               	movwf	btemp
   143  0374  0A84               	incf	4
   144  0375  0800               	movf	0,w
   145  0376  00FF               	movwf	btemp+1
   146  0377  087E               	movf	btemp,w
   147  0378  02B0               	subwf	_now
   148  0379  1C03               	btfss	3,0
   149  037A  03B1               	decf	_now+1
   150  037B  087F               	movf	btemp+1,w
   151  037C  02B1               	subwf	_now+1
   152                           ;timers.c: 92: return (now >= length);
   153  037D  0834               	movf	?a__Timer_IsExpired+2,w
   154  037E  0231               	subwf	_now+1,w
   155  037F  1D03               	btfss	3,2
   156  0380  2B83               	goto	u35
   157  0381  0833               	movf	?a__Timer_IsExpired+1,w
   158  0382  0230               	subwf	_now,w
   159  0383                     u35
   160  0383  3000               	movlw	0
   161  0384  1803               	btfsc	3,0
   162  0385  3001               	movlw	1
   163  0386  0008               	return
   164                           
   165                           	psect	text3
   166  0495                     __end_of__Timer_IsExpired
   167  0495                     _TimerSystem_TickIsr
   168                           ;timers.c: 137: void TimerSystem_TickIsr ( void
      +                           )
   169  0495  1283               	bcf	3,5
   170  0496  018E               	clrf	14	;volatile
   171                           ;timers.c: 140: TMR1H = (((int)(-((((8000000.0)
      +                          /4.0)/500.0)-20))) >> 8) & 0xff;
   172  0497  30F0               	movlw	-16
   173  0498  008F               	movwf	15	;volatile
   174                           ;timers.c: 141: TMR1L = ((int)(-((((8000000.0)/
      +                          4.0)/500.0)-20))) & 0xff;
   175  0499  3074               	movlw	116
   176  049A  008E               	movwf	14	;volatile
   177                           ;timers.c: 142: TMR1IF = 0;
   178  049B  100C               	bcf	12,0
   179                           ;timers.c: 144: Timer_SysTime++;
   180  049C  0AAE               	incf	_Timer_SysTime
   181  049D  1903               	btfsc	3,2
   182  049E  0AAF               	incf	_Timer_SysTime+1
   183                           ;timers.c: 145: }
   184  049F  0008               	return	;W free
   185                           
   186                           	psect	text4
   187  04BE                     __end_of_TimerSystem_TickIsr
   188  0000                     
   189  0000                     
   190  0000                     
   191  0000                     
   192  0000                     
   193  0000                     
   194  0000                     
   195  0000                     
   196  0000                     
   197  0000                     
   198  0000                     
   199  0000                     
   200  0000                     
   201  0000                     
   202  0000                     
   203  0000                     
   204  0000                     
   205  0000                     
   206  0000                     
   207  0000                     
   208  0000                     
   209  0000                     
   210  0000                     
   211  0000                     
   212  0000                     
   213  0000                     
   214  0000                     
   215  0000                     
   216  0000                     
   217  0000                     
   218  0000                     
   219  0000                     
   220  0000                     
   221  0000                     
   222  0000                     
   223  0000                     
   224  0000                     
   225  0000                     
   226  0000                     
   227  0000                     
   228  0000                     
   229  0000                     
   230  0000                     
   231  0000                     
   232  0000                     
   233  0000                     
   234  0000                     
   235  0000                     
   236  0000                     
   237  0000                     
   238  0000                     
   239  0000                     
   240  0000                     
   241  0000                     
   242  0000                     
   243  0000                     
   244  0000                     
   245  0000                     
   246  0000                     
   247  0000                     
   248  0000                     
   249  0000                     
   250  0000                     
   251  0000                     
   252  0000                     
   253  0000                     
   254  0000                     
   255  0000                     
   256  0000                     
   257  0000                     
   258  0000                     
   259  0000                     
   260  0000                     
   261  0000                     
   262  0000                     
   263  0000                     
   264  0000                     
   265  0000                     
   266  0000                     
   267  0000                     
   268  0000                     
   269  0000                     
   270  0000                     
   271  0000                     
   272  0000                     
   273  0000                     
   274  0000                     
   275  0000                     
   276  0000                     
   277  0000                     
   278  0000                     
   279  0000                     
   280  0000                     
   281  0000                     
   282  0000                     
   283  0000                     
   284  0000                     
   285  0000                     
   286  0000                     
   287  0000                     
   288  0000                     
   289  0000                     
   290  0000                     
   291  0000                     
   292  0000                     
   293  0000                     
   294  0000                     
   295  0000                     
   296  0000                     
   297  0000                     
   298  0000                     
   299  0000                     
   300  0000                     
   301  0000                     
   302  0000                     
   303  0000                     
   304  0000                     
   305  0000                     
   306  0000                     
   307  0000                     
   308  0000                     
   309  0000                     
   310  0000                     
   311  0000                     
   312  0000                     
   313  0000                     
   314  0000                     
   315  0000                     
   316  0000                     
   317  0000                     
   318  0000                     
   319  0000                     
   320  0000                     
   321  0000                     
   322  0000                     
   323  0000                     
   324  0000                     
   325  0000                     
   326  0000                     
   327  0000                     
   328  0000                     
   329  0000                     
   330  0000                     
   331  0000                     
   332  0000                     
   333  0000                     
   334  0000                     
   335  0000                     
   336  0000                     
   337  0000                     
   338  0000                     
   339  0000                     
   340  0000                     
   341  0000                     
   342  0000                     
   343  0000                     
   344  0000                     
   345  0000                     
   346  0000                     
   347  0000                     
   348  0000                     
   349  0000                     
   350  0000                     
   351  0000                     
   352  0000                     
   353  0000                     
   354  0000                     
   355  0000                     
   356  0000                     
   357  0000                     
   358  0000                     
   359  0000                     
   360  0000                     
   361  0000                     
   362  0000                     
   363  0000                     
   364  0000                     
   365  0000                     
   366  0000                     
   367  0000                     
   368  0000                     
   369  0000                     
   370  0000                     
   371  0000                     
   372  0000                     
   373  0000                     
   374  0000                     
   375  0000                     
   376  0000                     
   377  0000                     
   378  0000                     
   379  0000                     
   380  0000                     
   381  0000                     
   382  0000                     
   383  0000                     
   384  0000                     
   385  0000                     
   386  0000                     
   387  0000                     
   388  0000                     
   389  0000                     
   390  0000                     
   391  0000                     
   392  0000                     
   393  0000                     
   394  0000                     
   395  0000                     
   396  0000                     
   397  0000                     
   398  0000                     
   399  0000                     
   400  0000                     
   401  0000                     
   402  0000                     
   403  0000                     
   404  0000                     
   405  0000                     
   406                           
   407                           	psect	rbss_0
   408  002E                     _Timer_SysTime
                     _Timer_SysTime
   409  002E                     	ds	2
   410  0030                     _now
                     _now
   411  0030                     	ds	2
   412                           
   413                           	psect	temp
   414  007E                     btemp
                     btemp
   415  007E                     	ds	2


HI-TECH Software PICC Macro Assembler V9.60PL3 build 3862 
Symbol Table                                          Mon Oct 10 13:15:26 2011

           __Timer_IsExpired 035A                           u35 0383  
                         fsr 0004                          _now 0030  
             ?a__Timer_Start 0034         __end_of__Timer_Start 035A  
              ?__Timer_Start 0032    __end_of_Timer_Constructor 03D6  
                       btemp 007E                _Timer_SysTime 002E  
        _TimerSystem_TickIsr 0495                 __Timer_Start 03D6  
                      status 0003            _Timer_Constructor 047A  
         ?a__Timer_IsExpired 0032     __end_of__Timer_IsExpired 0495  
__end_of_TimerSystem_TickIsr 04BE                   used_btemp0 0001  
                 used_btemp1 0001  
